<?xml version="1.0" encoding="UTF-8"?>
<testng-results ignored="0" total="1" passed="0" failed="1" skipped="0">
  <reporter-output>
  </reporter-output>
  <suite started-at="2023-12-01T12:41:37 IST" name="Default suite" finished-at="2023-12-01T12:42:01 IST" duration-ms="24090">
    <groups>
      <group name="cucumber">
        <method signature="AbstractTestNGCucumberTests.runScenario(io.cucumber.testng.PickleWrapper,io.cucumber.testng.FeatureWrapper)[pri:0, instance:myRunner.FailedTestRunner@33d512c1]" name="runScenario" class="io.cucumber.testng.AbstractTestNGCucumberTests"/>
      </group> <!-- cucumber -->
    </groups>
    <test started-at="2023-12-01T12:41:37 IST" name="Default test" finished-at="2023-12-01T12:42:01 IST" duration-ms="24090">
      <class name="myRunner.FailedTestRunner">
        <test-method is-config="true" signature="setUpClass(org.testng.ITestContext)[pri:0, instance:myRunner.FailedTestRunner@33d512c1]" started-at="2023-12-01T12:41:37 IST" name="setUpClass" finished-at="2023-12-01T12:41:37 IST" duration-ms="683" status="PASS">
          <params>
            <param index="0">
              <value>
                <![CDATA[org.testng.TestRunner@7ec95456]]>
              </value>
            </param>
          </params>
          <reporter-output>
          </reporter-output>
        </test-method> <!-- setUpClass -->
        <test-method signature="runScenario(io.cucumber.testng.PickleWrapper,io.cucumber.testng.FeatureWrapper)[pri:0, instance:myRunner.FailedTestRunner@33d512c1]" started-at="2023-12-01T12:41:37 IST" name="runScenario" description="Runs Cucumber Scenarios" data-provider="scenarios" finished-at="2023-12-01T12:41:58 IST" duration-ms="20854" status="FAIL">
          <params>
            <param index="0">
              <value>
                <![CDATA["User should signup to account with all valid details"]]>
              </value>
            </param>
            <param index="1">
              <value>
                <![CDATA["User Sign-up Account"]]>
              </value>
            </param>
          </params>
          <exception class="org.junit.ComparisonFailure">
            <message>
              <![CDATA[welcom page text is not displaying expected:<...joy shopping with us[]> but was:<...joy shopping with us[.]>]]>
            </message>
            <full-stacktrace>
              <![CDATA[org.junit.ComparisonFailure: welcom page text is not displaying expected:<...joy shopping with us[]> but was:<...joy shopping with us[.]>
at org.junit.Assert.assertEquals(Assert.java:117)
at pages.SignupPage.verifyingAfterSuccessfulLogin(SignupPage.java:140)
at login_stepDefinition.Signup.user_should_be_successfully_navigate_welcom_page(Signup.java:86)
at ✽.User should be successfully navigate Welcom page "Welcome to ShoppersStack. Enjoy shopping with us"(file:///D:/automationScripts/shoppersStack/src/test/resources/loginFeatures/Signup.feature:19)
]]>
            </full-stacktrace>
          </exception> <!-- org.junit.ComparisonFailure -->
          <reporter-output>
          </reporter-output>
        </test-method> <!-- runScenario -->
        <test-method is-config="true" signature="tearDownClass()[pri:0, instance:myRunner.FailedTestRunner@33d512c1]" started-at="2023-12-01T12:41:58 IST" name="tearDownClass" finished-at="2023-12-01T12:42:01 IST" duration-ms="2508" status="PASS">
          <reporter-output>
          </reporter-output>
        </test-method> <!-- tearDownClass -->
      </class> <!-- myRunner.FailedTestRunner -->
    </test> <!-- Default test -->
  </suite> <!-- Default suite -->
</testng-results>
