<?xml version="1.0" encoding="UTF-8"?>
<!-- Generated by org.testng.reporters.JUnitReportReporter -->
<testsuite hostname="LAPTOP-2NSNP7NA" failures="1" tests="1" name="myRunner.FailedTestRunner" time="20.854" errors="0" timestamp="2023-12-01T12:42:01 IST" skipped="0">
  <testcase classname="myRunner.FailedTestRunner" name="runScenario" time="20.854">
    <failure message="welcom page text is not displaying expected:&lt;...joy shopping with us[]&gt; but was:&lt;...joy shopping with us[.]&gt;" type="org.junit.ComparisonFailure">
      <![CDATA[org.junit.ComparisonFailure: welcom page text is not displaying expected:<...joy shopping with us[]> but was:<...joy shopping with us[.]>
at org.junit.Assert.assertEquals(Assert.java:117)
at pages.SignupPage.verifyingAfterSuccessfulLogin(SignupPage.java:140)
at login_stepDefinition.Signup.user_should_be_successfully_navigate_welcom_page(Signup.java:86)
at ✽.User should be successfully navigate Welcom page "Welcome to ShoppersStack. Enjoy shopping with us"(file:///D:/automationScripts/shoppersStack/src/test/resources/loginFeatures/Signup.feature:19)
]]>
    </failure>
  </testcase> <!-- runScenario -->
</testsuite> <!-- myRunner.FailedTestRunner -->
