<?xml version="1.0" encoding="UTF-8"?>
<!-- Generated by org.testng.reporters.JUnitReportReporter -->
<testsuite hostname="LAPTOP-2NSNP7NA" failures="1" tests="11" name="myRunner.TestRunner" time="221.990" errors="0" timestamp="2023-12-01T12:40:49 IST" skipped="0">
  <testcase classname="myRunner.TestRunner" name="runScenario" time="17.693"/>
  <testcase classname="myRunner.TestRunner" name="runScenario" time="19.776"/>
  <testcase classname="myRunner.TestRunner" name="runScenario" time="14.930"/>
  <testcase classname="myRunner.TestRunner" name="runScenario" time="31.630"/>
  <testcase classname="myRunner.TestRunner" name="runScenario" time="18.870"/>
  <testcase classname="myRunner.TestRunner" name="runScenario" time="27.212"/>
  <testcase classname="myRunner.TestRunner" name="runScenario" time="15.939"/>
  <testcase classname="myRunner.TestRunner" name="runScenario" time="18.474"/>
  <testcase classname="myRunner.TestRunner" name="runScenario" time="20.948"/>
  <testcase classname="myRunner.TestRunner" name="runScenario" time="23.560">
    <failure message="welcom page text is not displaying expected:&lt;...joy shopping with us[]&gt; but was:&lt;...joy shopping with us[.]&gt;" type="org.junit.ComparisonFailure">
      <![CDATA[org.junit.ComparisonFailure: welcom page text is not displaying expected:<...joy shopping with us[]> but was:<...joy shopping with us[.]>
at org.junit.Assert.assertEquals(Assert.java:117)
at pages.SignupPage.verifyingAfterSuccessfulLogin(SignupPage.java:140)
at login_stepDefinition.Signup.user_should_be_successfully_navigate_welcom_page(Signup.java:86)
at ✽.User should be successfully navigate Welcom page "Welcome to ShoppersStack. Enjoy shopping with us"(file:///D:/automationScripts/shoppersStack/src/test/resources/loginFeatures/Signup.feature:19)
]]>
    </failure>
  </testcase> <!-- runScenario -->
  <testcase classname="myRunner.TestRunner" name="runScenario" time="12.958"/>
</testsuite> <!-- myRunner.TestRunner -->
